<?xml version="1.0" encoding="UTF-8"?>
<!-- Generated by org.testng.reporters.JUnitReportReporter -->
<testsuite hostname="Dhaval0704" name="gapp.model.dao.ApplicationDaoTest$ApplicationDaoTests" tests="2" failures="0" timestamp="2 Feb 2016 06:23:27 GMT" time="0.356" errors="0">
  <testcase name="getApplicationByStudent" time="0.022" classname="gapp.model.dao.ApplicationDaoTest$ApplicationDaoTests"/>
  <testcase name="getApplication" time="0.334" classname="gapp.model.dao.ApplicationDaoTest$ApplicationDaoTests"/>
</testsuite> <!-- gapp.model.dao.ApplicationDaoTest$ApplicationDaoTests -->
