<?xml version="1.0" encoding="UTF-8"?>
<!-- Generated by org.testng.reporters.JUnitReportReporter -->
<testsuite hostname="Dhaval0704" name="gapp.model.dao.UserDaoTest$UserDaoTests" tests="2" failures="0" timestamp="2 Feb 2016 03:37:59 GMT" time="0.325" errors="0">
  <testcase name="getUsers" time="0.261" classname="gapp.model.dao.UserDaoTest$UserDaoTests"/>
  <testcase name="getUser" time="0.064" classname="gapp.model.dao.UserDaoTest$UserDaoTests"/>
</testsuite> <!-- gapp.model.dao.UserDaoTest$UserDaoTests -->
