<?xml version="1.0" encoding="UTF-8"?>
<!-- Generated by org.testng.reporters.JUnitReportReporter -->
<testsuite hostname="Dhaval0704" name="gapp.model.dao.DepartmentDaoTest" tests="1" failures="0" timestamp="5 Mar 2016 14:30:57 GMT" time="0.014" errors="0">
  <testcase name="getDepartments" time="0.014" classname="gapp.model.dao.DepartmentDaoTest"/>
</testsuite> <!-- gapp.model.dao.DepartmentDaoTest -->
