<?xml version="1.0" encoding="UTF-8"?>
<!-- Generated by org.testng.reporters.JUnitReportReporter -->
<testsuite hostname="Dhaval0704" name="gapp.model.dao.UserDaoTest$UserDaoTests" tests="2" failures="0" timestamp="5 Mar 2016 14:30:57 GMT" time="0.028" errors="0">
  <testcase name="getUser" time="0.016" classname="gapp.model.dao.UserDaoTest$UserDaoTests"/>
  <testcase name="getUsers" time="0.012" classname="gapp.model.dao.UserDaoTest$UserDaoTests"/>
</testsuite> <!-- gapp.model.dao.UserDaoTest$UserDaoTests -->
